<?xml version="1.0" encoding="UTF-8"?>
<!-- Generated by org.testng.reporters.JUnitXMLReporter -->
<testsuite hostname="DESKTOP-KUQ8ERQ" ignored="0" name="Test" tests="3" failures="1" timestamp="18 Dec 2021 11:46:44 GMT" time="541.309" errors="0">
  <testcase name="totalProductValidation" time="176.412" classname="practise.AppiumFramework.AmountValidation"/>
  <testcase name="totalProductValidation" time="201.505" classname="practise.AppiumFramework.AmountValidation">
    <failure type="java.lang.AssertionError" message="expected [275.0] but found [165.0]">
      <![CDATA[java.lang.AssertionError: expected [275.0] but found [165.0]
at pageObject.CheckoutPage.verifyTotalCartAmount(CheckoutPage.java:51)
at practise.AppiumFramework.AmountValidation.totalProductValidation(AmountValidation.java:46)
... Removed 34 stack frames]]>
    </failure>
  </testcase> <!-- totalProductValidation -->
  <testcase name="totalValue" time="157.437" classname="practise.AppiumFramework.Ecom_test1"/>
</testsuite> <!-- Test -->
