<?xml version="1.0" encoding="UTF-8"?>
<testng-results skipped="0" failed="1" ignored="0" total="3" passed="2">
  <reporter-output>
    <line>
      <![CDATA[Tapped on Argentina country Dowpdown]]>
    </line>
    <line>
      <![CDATA[Entered Name Testing products]]>
    </line>
    <line>
      <![CDATA[Selected female Radio button]]>
    </line>
    <line>
      <![CDATA[Entered Name Testing products]]>
    </line>
    <line>
      <![CDATA[Scrilled Till :Jordan 6 Rings]]>
    </line>
    <line>
      <![CDATA[Tapped on zero index of]]>
    </line>
    <line>
      <![CDATA[Scrilled Till :PG 3]]>
    </line>
    <line>
      <![CDATA[Tapped on zero index of]]>
    </line>
    <line>
      <![CDATA[Clicked on CartButtonf]]>
    </line>
    <line>
      <![CDATA[Tapped on Argentina country Dowpdown]]>
    </line>
    <line>
      <![CDATA[Entered Name Testing products]]>
    </line>
    <line>
      <![CDATA[Selected female Radio button]]>
    </line>
    <line>
      <![CDATA[Entered Name Testing products]]>
    </line>
    <line>
      <![CDATA[Scrilled Till :Jordan 6 Rings]]>
    </line>
    <line>
      <![CDATA[Tapped on zero index of]]>
    </line>
    <line>
      <![CDATA[Scrilled Till :PG 3]]>
    </line>
    <line>
      <![CDATA[Tapped on zero index of]]>
    </line>
    <line>
      <![CDATA[Clicked on CartButtonf]]>
    </line>
  </reporter-output>
  <suite name="Suite" duration-ms="541309" started-at="2021-12-18T11:37:42Z" finished-at="2021-12-18T11:46:44Z">
    <groups>
    </groups>
    <test name="Test" duration-ms="541309" started-at="2021-12-18T11:37:42Z" finished-at="2021-12-18T11:46:44Z">
      <class name="practise.AppiumFramework.Ecom_test1">
        <test-method status="PASS" signature="totalValue()[pri:0, instance:practise.AppiumFramework.Ecom_test1@57fffcd7]" name="totalValue" duration-ms="157437" started-at="2021-12-18T11:44:06Z" finished-at="2021-12-18T11:46:44Z">
          <reporter-output>
          </reporter-output>
        </test-method> <!-- totalValue -->
      </class> <!-- practise.AppiumFramework.Ecom_test1 -->
      <class name="practise.AppiumFramework.AmountValidation">
        <test-method status="PASS" signature="killAllNodes()[pri:0, instance:practise.AppiumFramework.AmountValidation@3abbfa04]" name="killAllNodes" is-config="true" duration-ms="3091" started-at="2021-12-18T11:37:42Z" finished-at="2021-12-18T11:37:45Z">
          <reporter-output>
          </reporter-output>
        </test-method> <!-- killAllNodes -->
        <test-method status="PASS" signature="totalProductValidation(java.lang.String)[pri:0, instance:practise.AppiumFramework.AmountValidation@3abbfa04]" name="totalProductValidation" duration-ms="176412" started-at="2021-12-18T11:37:46Z" data-provider="InputData" finished-at="2021-12-18T11:40:42Z">
          <params>
            <param index="0">
              <value>
                <![CDATA[India]]>
              </value>
            </param>
          </params>
          <reporter-output>
            <line>
              <![CDATA[Tapped on Argentina country Dowpdown]]>
            </line>
            <line>
              <![CDATA[Entered Name Testing products]]>
            </line>
            <line>
              <![CDATA[Selected female Radio button]]>
            </line>
            <line>
              <![CDATA[Entered Name Testing products]]>
            </line>
            <line>
              <![CDATA[Scrilled Till :Jordan 6 Rings]]>
            </line>
            <line>
              <![CDATA[Tapped on zero index of]]>
            </line>
            <line>
              <![CDATA[Scrilled Till :PG 3]]>
            </line>
            <line>
              <![CDATA[Tapped on zero index of]]>
            </line>
            <line>
              <![CDATA[Clicked on CartButtonf]]>
            </line>
          </reporter-output>
        </test-method> <!-- totalProductValidation -->
        <test-method status="FAIL" signature="totalProductValidation(java.lang.String)[pri:0, instance:practise.AppiumFramework.AmountValidation@3abbfa04]" name="totalProductValidation" duration-ms="201505" started-at="2021-12-18T11:40:42Z" data-provider="InputData" finished-at="2021-12-18T11:44:03Z">
          <params>
            <param index="0">
              <value>
                <![CDATA[Italy]]>
              </value>
            </param>
          </params>
          <exception class="java.lang.AssertionError">
            <message>
              <![CDATA[expected [275.0] but found [165.0]]]>
            </message>
            <full-stacktrace>
              <![CDATA[java.lang.AssertionError: expected [275.0] but found [165.0]
at org.testng.Assert.fail(Assert.java:96)
at org.testng.Assert.failNotEquals(Assert.java:776)
at org.testng.Assert.assertEqualsImpl(Assert.java:137)
at org.testng.Assert.assertEquals(Assert.java:118)
at org.testng.Assert.assertEquals(Assert.java:442)
at pageObject.CheckoutPage.verifyTotalCartAmount(CheckoutPage.java:51)
at practise.AppiumFramework.AmountValidation.totalProductValidation(AmountValidation.java:46)
at sun.reflect.NativeMethodAccessorImpl.invoke0(Native Method)
at sun.reflect.NativeMethodAccessorImpl.invoke(NativeMethodAccessorImpl.java:62)
at sun.reflect.DelegatingMethodAccessorImpl.invoke(DelegatingMethodAccessorImpl.java:43)
at java.lang.reflect.Method.invoke(Method.java:498)
at org.testng.internal.MethodInvocationHelper.invokeMethod(MethodInvocationHelper.java:124)
at org.testng.internal.Invoker.invokeMethod(Invoker.java:583)
at org.testng.internal.Invoker.invokeTestMethod(Invoker.java:719)
at org.testng.internal.Invoker.invokeTestMethods(Invoker.java:989)
at org.testng.internal.TestMethodWorker.invokeTestMethods(TestMethodWorker.java:125)
at org.testng.internal.TestMethodWorker.run(TestMethodWorker.java:109)
at org.testng.TestRunner.privateRun(TestRunner.java:648)
at org.testng.TestRunner.run(TestRunner.java:505)
at org.testng.SuiteRunner.runTest(SuiteRunner.java:455)
at org.testng.SuiteRunner.runSequentially(SuiteRunner.java:450)
at org.testng.SuiteRunner.privateRun(SuiteRunner.java:415)
at org.testng.SuiteRunner.run(SuiteRunner.java:364)
at org.testng.SuiteRunnerWorker.runSuite(SuiteRunnerWorker.java:52)
at org.testng.SuiteRunnerWorker.run(SuiteRunnerWorker.java:84)
at org.testng.TestNG.runSuitesSequentially(TestNG.java:1208)
at org.testng.TestNG.runSuitesLocally(TestNG.java:1137)
at org.testng.TestNG.runSuites(TestNG.java:1049)
at org.testng.TestNG.run(TestNG.java:1017)
at org.apache.maven.surefire.testng.TestNGExecutor.run(TestNGExecutor.java:284)
at org.apache.maven.surefire.testng.TestNGXmlTestSuite.execute(TestNGXmlTestSuite.java:75)
at org.apache.maven.surefire.testng.TestNGProvider.invoke(TestNGProvider.java:119)
at org.apache.maven.surefire.booter.ForkedBooter.runSuitesInProcess(ForkedBooter.java:428)
at org.apache.maven.surefire.booter.ForkedBooter.execute(ForkedBooter.java:162)
at org.apache.maven.surefire.booter.ForkedBooter.run(ForkedBooter.java:562)
at org.apache.maven.surefire.booter.ForkedBooter.main(ForkedBooter.java:548)
]]>
            </full-stacktrace>
          </exception> <!-- java.lang.AssertionError -->
          <reporter-output>
            <line>
              <![CDATA[Tapped on Argentina country Dowpdown]]>
            </line>
            <line>
              <![CDATA[Entered Name Testing products]]>
            </line>
            <line>
              <![CDATA[Selected female Radio button]]>
            </line>
            <line>
              <![CDATA[Entered Name Testing products]]>
            </line>
            <line>
              <![CDATA[Scrilled Till :Jordan 6 Rings]]>
            </line>
            <line>
              <![CDATA[Tapped on zero index of]]>
            </line>
            <line>
              <![CDATA[Scrilled Till :PG 3]]>
            </line>
            <line>
              <![CDATA[Tapped on zero index of]]>
            </line>
            <line>
              <![CDATA[Clicked on CartButtonf]]>
            </line>
          </reporter-output>
        </test-method> <!-- totalProductValidation -->
      </class> <!-- practise.AppiumFramework.AmountValidation -->
    </test> <!-- Test -->
  </suite> <!-- Suite -->
</testng-results>
